<?xml version="1.0" encoding="UTF-8"?>
<testng-results ignored="0" total="2" passed="2" failed="0" skipped="0">
  <reporter-output>
  </reporter-output>
  <suite started-at="2022-03-22T19:18:14 EDT" name="Surefire suite" finished-at="2022-03-22T19:19:02 EDT" duration-ms="47405">
    <groups>
    </groups>
    <test started-at="2022-03-22T19:18:14 EDT" name="Surefire test" finished-at="2022-03-22T19:19:02 EDT" duration-ms="47405">
      <class name="com.docker.app.SmokeTest">
        <test-method is-config="true" signature="beforeTest()[pri:0, instance:com.docker.app.SmokeTest@2362f559]" started-at="2022-03-22T19:18:14 EDT" name="beforeTest" finished-at="2022-03-22T19:18:24 EDT" duration-ms="9650" status="PASS">
          <reporter-output>
          </reporter-output>
        </test-method> <!-- beforeTest -->
        <test-method signature="googleTest()[pri:0, instance:com.docker.app.SmokeTest@2362f559]" started-at="2022-03-22T19:18:24 EDT" name="googleTest" finished-at="2022-03-22T19:18:39 EDT" duration-ms="14493" status="PASS">
          <reporter-output>
          </reporter-output>
        </test-method> <!-- googleTest -->
        <test-method is-config="true" signature="afterTest()[pri:0, instance:com.docker.app.SmokeTest@2362f559]" started-at="2022-03-22T19:18:39 EDT" name="afterTest" finished-at="2022-03-22T19:18:39 EDT" duration-ms="144" status="PASS">
          <reporter-output>
          </reporter-output>
        </test-method> <!-- afterTest -->
        <test-method is-config="true" signature="beforeTest()[pri:0, instance:com.docker.app.SmokeTest@2362f559]" started-at="2022-03-22T19:18:39 EDT" name="beforeTest" finished-at="2022-03-22T19:18:44 EDT" duration-ms="5621" status="PASS">
          <reporter-output>
          </reporter-output>
        </test-method> <!-- beforeTest -->
        <test-method signature="verifyResturants()[pri:0, instance:com.docker.app.SmokeTest@2362f559]" started-at="2022-03-22T19:18:44 EDT" name="verifyResturants" finished-at="2022-03-22T19:18:57 EDT" duration-ms="13090" status="PASS">
          <reporter-output>
          </reporter-output>
        </test-method> <!-- verifyResturants -->
        <test-method is-config="true" signature="afterTest()[pri:0, instance:com.docker.app.SmokeTest@2362f559]" started-at="2022-03-22T19:18:57 EDT" name="afterTest" finished-at="2022-03-22T19:19:02 EDT" duration-ms="4366" status="PASS">
          <reporter-output>
          </reporter-output>
        </test-method> <!-- afterTest -->
      </class> <!-- com.docker.app.SmokeTest -->
    </test> <!-- Surefire test -->
  </suite> <!-- Surefire suite -->
</testng-results>
