<?xml version="1.0" encoding="UTF-8"?>
<testng-results ignored="0" total="1" passed="1" failed="0" skipped="0">
  <reporter-output>
  </reporter-output>
  <suite started-at="2022-03-22T16:38:25 EDT" name="Default suite" finished-at="2022-03-22T16:38:54 EDT" duration-ms="29139">
    <groups>
    </groups>
    <test started-at="2022-03-22T16:38:25 EDT" name="Default test" finished-at="2022-03-22T16:38:54 EDT" duration-ms="29139">
      <class name="com.docker.app.AppTest">
        <test-method is-config="true" signature="beforeTest()[pri:0, instance:com.docker.app.AppTest@57cf54e1]" started-at="2022-03-22T16:38:25 EDT" name="beforeTest" finished-at="2022-03-22T16:38:25 EDT" duration-ms="7" status="PASS">
          <reporter-output>
          </reporter-output>
        </test-method> <!-- beforeTest -->
        <test-method signature="shouldAnswerWithTrue()[pri:0, instance:com.docker.app.AppTest@57cf54e1]" started-at="2022-03-22T16:38:25 EDT" name="shouldAnswerWithTrue" finished-at="2022-03-22T16:38:54 EDT" duration-ms="29096" status="PASS">
          <reporter-output>
          </reporter-output>
        </test-method> <!-- shouldAnswerWithTrue -->
        <test-method is-config="true" signature="afterTest()[pri:0, instance:com.docker.app.AppTest@57cf54e1]" started-at="2022-03-22T16:38:54 EDT" name="afterTest" finished-at="2022-03-22T16:38:54 EDT" duration-ms="0" status="PASS">
          <reporter-output>
          </reporter-output>
        </test-method> <!-- afterTest -->
      </class> <!-- com.docker.app.AppTest -->
    </test> <!-- Default test -->
  </suite> <!-- Default suite -->
</testng-results>
